<?xml version="1.0" encoding="UTF-8"?>
<!-- Generated by org.testng.reporters.JUnitReportReporter -->
<testsuite hostname="DESKTOP-0ILACND" failures="0" tests="2" name="Test.pack.testclass" time="58.083" errors="0" timestamp="2022-03-03T15:38:02 IST" skipped="0">
  <testcase classname="Test.pack.testclass" name="HomepageUrl" time="33.887"/>
  <system-out/>
  <testcase classname="Test.pack.testclass" name="HomepageUrl" time="24.196"/>
  <system-out/>
</testsuite> <!-- Test.pack.testclass -->
